[debug] [2023-06-21T06:16:42.158Z] ----------------------------------------------------------------------
[debug] [2023-06-21T06:16:42.159Z] Command:       C:\Program Files\nodejs\node.exe C:\Users\Shaki\AppData\Roaming\npm\node_modules\firebase-tools\lib\bin\firebase.js projects:create
[debug] [2023-06-21T06:16:42.160Z] CLI Version:   12.4.0
[debug] [2023-06-21T06:16:42.160Z] Platform:      win32
[debug] [2023-06-21T06:16:42.160Z] Node Version:  v18.16.0
[debug] [2023-06-21T06:16:42.161Z] Time:          Wed Jun 21 2023 12:16:42 GMT+0600 (Bangladesh Standard Time)
[debug] [2023-06-21T06:16:42.161Z] ----------------------------------------------------------------------
[debug] 
[debug] [2023-06-21T06:16:42.238Z] > command requires scopes: ["email","openid","https://www.googleapis.com/auth/cloudplatformprojects.readonly","https://www.googleapis.com/auth/firebase","https://www.googleapis.com/auth/cloud-platform"]
[debug] [2023-06-21T06:16:42.238Z] > authorizing via signed-in user (shakib@gsuitebd.com)
[debug] [2023-06-21T06:16:57.787Z] >>> [apiv2][query] POST https://cloudresourcemanager.googleapis.com/v1/projects [none]
[debug] [2023-06-21T06:16:57.787Z] >>> [apiv2][body] POST https://cloudresourcemanager.googleapis.com/v1/projects {"projectId":"xfile","name":"xfile2025"}
[debug] [2023-06-21T06:17:00.061Z] <<< [apiv2][status] POST https://cloudresourcemanager.googleapis.com/v1/projects 400
[debug] [2023-06-21T06:17:00.063Z] <<< [apiv2][body] POST https://cloudresourcemanager.googleapis.com/v1/projects {"error":{"code":400,"message":"field [project_id] has issue [project_id must be at least 6 characters long]","status":"INVALID_ARGUMENT","details":[{"@type":"type.googleapis.com/google.rpc.BadRequest","fieldViolations":[{"field":"project_id","description":"project_id must be at least 6 characters long"}]},{"@type":"type.googleapis.com/google.rpc.Help","links":[{"url":"https://cloud.google.com/resource-manager/reference/rest/v1/projects"}]}]}}
[debug] [2023-06-21T06:17:00.476Z] FirebaseError: HTTP Error: 400, field [project_id] has issue [project_id must be at least 6 characters long]
    at responseToError (C:\Users\Shaki\AppData\Roaming\npm\node_modules\firebase-tools\lib\responseToError.js:49:12)
    at RetryOperation._fn (C:\Users\Shaki\AppData\Roaming\npm\node_modules\firebase-tools\lib\apiv2.js:288:77)
    at process.processTicksAndRejections (node:internal/process/task_queues:95:5)
[error] 
[error] Error: Failed to create project. See firebase-debug.log for more info.
